<?xml version="1.0" encoding="UTF-8"?>
<!-- Generated by org.testng.reporters.JUnitReportReporter -->
<testsuite hostname="PC10" failures="0" tests="5" name="Project.Task_Demoblaze_Gargi" time="43.752" errors="0" timestamp="2024-06-15T00:30:14 PDT" skipped="0">
  <testcase classname="Project.Task_Demoblaze_Gargi" name="SignUp" time="6.246"/>
  <system-out/>
  <testcase classname="Project.Task_Demoblaze_Gargi" name="Login" time="2.619"/>
  <system-out/>
  <testcase classname="Project.Task_Demoblaze_Gargi" name="AddtoCart" time="21.457"/>
  <system-out/>
  <testcase classname="Project.Task_Demoblaze_Gargi" name="PlaceOrder" time="11.854"/>
  <system-out/>
  <testcase classname="Project.Task_Demoblaze_Gargi" name="Printmsg" time="1.576"/>
  <system-out/>
</testsuite> <!-- Project.Task_Demoblaze_Gargi -->
